build/outputs/logs/manifest-merger-debug-report.txt
-- Merging decision tree log ---
manifest
ADDED from Password Manager\Keep\AndroidManifest.xml:2:1-75:12
	package
		ADDED from Password Manager\Keep\AndroidManifest.xml:3:5-29
	android:versionName
		ADDED from Password Manager\Keep\AndroidManifest.xml:5:5-30
	android:versionCode
		ADDED from Password Manager\Keep\AndroidManifest.xml:4:5-28
		INJECTED from Password Manager\Keep\AndroidManifest.xml
		INJECTED from Password Manager\Keep\AndroidManifest.xml
	xmlns:android
		ADDED from Password Manager\Keep\AndroidManifest.xml:2:11-69
uses-sdk
ADDED from Password Manager\Keep\AndroidManifest.xml:7:5-9:41
MERGED from [Password Manager:appcompat_v7:unspecified] AndroidManifest.xml:20:5-43
MERGED from [Password Manager.Keep.kit-libs:com-crashlytics-sdk-android_crashlytics_3:unspecified] AndroidManifest.xml:7:5-43
MERGED from [Password Manager.Keep.kit-libs:com-crashlytics-sdk-android_beta_3:unspecified] AndroidManifest.xml:7:5-43
MERGED from [Password Manager.Keep.kit-libs:io-fabric-sdk-android_fabric_3:unspecified] AndroidManifest.xml:7:5-43
MERGED from [Password Manager.Keep.kit-libs:io-fabric-sdk-android_fabric_3:unspecified] AndroidManifest.xml:7:5-43
MERGED from [Password Manager.Keep.kit-libs:com-crashlytics-sdk-android_answers_3:unspecified] AndroidManifest.xml:7:5-43
MERGED from [Password Manager.Keep.kit-libs:io-fabric-sdk-android_fabric_3:unspecified] AndroidManifest.xml:7:5-43
MERGED from [Password Manager:androidUtil:unspecified] AndroidManifest.xml:7:5-43
MERGED from [Password Manager:ViewPagerIndicator:unspecified] AndroidManifest.xml:7:5-43
MERGED from [Password Manager:google-play-services_lib:unspecified] AndroidManifest.xml:7:5-43
	android:targetSdkVersion
		ADDED from Password Manager\Keep\AndroidManifest.xml:9:9-38
	android:minSdkVersion
		ADDED from Password Manager\Keep\AndroidManifest.xml:8:9-35
uses-permission#android.permission.INTERNET
ADDED from Password Manager\Keep\AndroidManifest.xml:11:5-67
MERGED from [Password Manager.Keep.kit-libs:com-crashlytics-sdk-android_crashlytics_3:unspecified] AndroidManifest.xml:9:5-67
	android:name
		ADDED from Password Manager\Keep\AndroidManifest.xml:11:22-64
uses-permission#android.permission.READ_PHONE_STATE
ADDED from Password Manager\Keep\AndroidManifest.xml:13:5-75
	android:name
		ADDED from Password Manager\Keep\AndroidManifest.xml:13:22-72
uses-permission#android.permission.READ_EXTERNAL_STORAGE
ADDED from Password Manager\Keep\AndroidManifest.xml:15:5-80
	android:name
		ADDED from Password Manager\Keep\AndroidManifest.xml:15:22-77
uses-permission#android.permission.WRITE_EXTERNAL_STORAGE
ADDED from Password Manager\Keep\AndroidManifest.xml:16:5-81
	android:name
		ADDED from Password Manager\Keep\AndroidManifest.xml:16:22-78
uses-permission#android.permission.VIBRATE
ADDED from Password Manager\Keep\AndroidManifest.xml:18:5-66
	android:name
		ADDED from Password Manager\Keep\AndroidManifest.xml:18:22-63
uses-permission#android.permission.CAMERA
ADDED from Password Manager\Keep\AndroidManifest.xml:20:5-65
	android:name
		ADDED from Password Manager\Keep\AndroidManifest.xml:20:22-62
uses-feature#android.hardware.camera
ADDED from Password Manager\Keep\AndroidManifest.xml:21:5-60
	android:name
		ADDED from Password Manager\Keep\AndroidManifest.xml:21:19-57
uses-feature#android.hardware.camera.autofocus
ADDED from Password Manager\Keep\AndroidManifest.xml:22:5-70
	android:name
		ADDED from Password Manager\Keep\AndroidManifest.xml:22:19-67
application
ADDED from Password Manager\Keep\AndroidManifest.xml:24:5-73:19
MERGED from [Password Manager:appcompat_v7:unspecified] AndroidManifest.xml:22:5-20
MERGED from [Password Manager.Keep.kit-libs:com-crashlytics-sdk-android_crashlytics_3:unspecified] AndroidManifest.xml:11:5-20
MERGED from [Password Manager.Keep.kit-libs:com-crashlytics-sdk-android_beta_3:unspecified] AndroidManifest.xml:9:5-20
MERGED from [Password Manager.Keep.kit-libs:io-fabric-sdk-android_fabric_3:unspecified] AndroidManifest.xml:9:5-20
MERGED from [Password Manager.Keep.kit-libs:io-fabric-sdk-android_fabric_3:unspecified] AndroidManifest.xml:9:5-20
MERGED from [Password Manager.Keep.kit-libs:com-crashlytics-sdk-android_answers_3:unspecified] AndroidManifest.xml:9:5-20
MERGED from [Password Manager.Keep.kit-libs:io-fabric-sdk-android_fabric_3:unspecified] AndroidManifest.xml:9:5-20
	android:label
		ADDED from Password Manager\Keep\AndroidManifest.xml:27:9-41
	android:allowBackup
		ADDED from Password Manager\Keep\AndroidManifest.xml:25:9-35
	android:icon
		ADDED from Password Manager\Keep\AndroidManifest.xml:26:9-45
	android:theme
		ADDED from Password Manager\Keep\AndroidManifest.xml:28:9-40
activity#activities.MainActivity
ADDED from Password Manager\Keep\AndroidManifest.xml:29:9-40:20
	android:screenOrientation
		ADDED from Password Manager\Keep\AndroidManifest.xml:33:13-49
	android:label
		ADDED from Password Manager\Keep\AndroidManifest.xml:32:13-45
	android:windowSoftInputMode
		ADDED from Password Manager\Keep\AndroidManifest.xml:34:13-55
	android:configChanges
		ADDED from Password Manager\Keep\AndroidManifest.xml:31:13-96
	android:name
		ADDED from Password Manager\Keep\AndroidManifest.xml:30:13-51
intent-filter#android.intent.action.MAIN+android.intent.category.LAUNCHER
ADDED from Password Manager\Keep\AndroidManifest.xml:35:13-39:29
action#android.intent.action.MAIN
ADDED from Password Manager\Keep\AndroidManifest.xml:36:17-69
	android:name
		ADDED from Password Manager\Keep\AndroidManifest.xml:36:25-66
category#android.intent.category.LAUNCHER
ADDED from Password Manager\Keep\AndroidManifest.xml:38:17-77
	android:name
		ADDED from Password Manager\Keep\AndroidManifest.xml:38:27-74
activity#activities.ViewPagerActivity
ADDED from Password Manager\Keep\AndroidManifest.xml:49:9-54:20
	android:screenOrientation
		ADDED from Password Manager\Keep\AndroidManifest.xml:52:13-49
	android:label
		ADDED from Password Manager\Keep\AndroidManifest.xml:51:13-62
	android:theme
		ADDED from Password Manager\Keep\AndroidManifest.xml:53:13-52
	android:name
		ADDED from Password Manager\Keep\AndroidManifest.xml:50:13-56
activity#activities.ImageViewPagerActivity
ADDED from Password Manager\Keep\AndroidManifest.xml:55:9-59:20
	android:screenOrientation
		ADDED from Password Manager\Keep\AndroidManifest.xml:57:13-49
	android:theme
		ADDED from Password Manager\Keep\AndroidManifest.xml:58:13-52
	android:name
		ADDED from Password Manager\Keep\AndroidManifest.xml:56:13-61
activity#fragments.BaseFragment
ADDED from Password Manager\Keep\AndroidManifest.xml:60:9-63:20
	android:label
		ADDED from Password Manager\Keep\AndroidManifest.xml:62:13-65
	android:name
		ADDED from Password Manager\Keep\AndroidManifest.xml:61:13-50
activity#activities.QrScannerActivity
ADDED from Password Manager\Keep\AndroidManifest.xml:65:10-68:20
	android:label
		ADDED from Password Manager\Keep\AndroidManifest.xml:67:13-71
	android:name
		ADDED from Password Manager\Keep\AndroidManifest.xml:66:13-56
meta-data#io.fabric.ApiKey
ADDED from Password Manager\Keep\AndroidManifest.xml:70:9-72:72
	android:value
		ADDED from Password Manager\Keep\AndroidManifest.xml:72:13-69
	android:name
		ADDED from Password Manager\Keep\AndroidManifest.xml:71:13-44